<?xml version="1.0" encoding="UTF-8"?>
<robot generator="Robot 5.0.1 (Python 3.9.13 on win32)" generated="20221015 18:19:22.271" rpa="true" schemaversion="3">
<suite id="s1" name="Tasks" source="d:\PEM\P2B\p2b-template-v2\tasks.robot">
<kw name="Setup" library="setup_and_teardown" type="SETUP">
<doc>Função que será iniciada no inicio do robô</doc>
<kw name="Log" library="BuiltIn">
<arg>Iniciando robô</arg>
<doc>Logs the given message with the given level.</doc>
<msg timestamp="20221015 18:19:23.160" level="INFO">Iniciando robô</msg>
<status status="PASS" starttime="20221015 18:19:23.159" endtime="20221015 18:19:23.161"/>
</kw>
<kw name="Open Browser To Website" library="keywords">
<var>${status}</var>
<arg>%{URL}</arg>
<doc>Abre Pagina e retorna se carregou com succeso ou não</doc>
<kw name="Open Available Browser" library="RPA.Browser.Selenium">
<arg>${URL}</arg>
<doc>Attempts to open a browser on the user's device from a set of
supported browsers. Automatically downloads a corresponding webdriver
if none is already installed.</doc>
<msg timestamp="20221015 18:19:23.162" level="INFO">Creating an instance of the Chrome WebDriver.</msg>
<msg timestamp="20221015 18:19:26.482" level="INFO">====== WebDriver manager ======</msg>
<msg timestamp="20221015 18:19:31.300" level="INFO">Creating an instance of the Chrome WebDriver.</msg>
<msg timestamp="20221015 18:19:32.598" level="INFO">Created Chrome browser with arguments: --disable-dev-shm-usage --disable-web-security --allow-running-insecure-content --no-sandbox</msg>
<msg timestamp="20221015 18:19:32.598" level="INFO" html="true">&lt;p&gt;Attempted combinations:&lt;/p&gt;&lt;div class="doc"&gt;&lt;table&gt;&lt;tr&gt;&lt;th&gt;Browser&lt;/th&gt;&lt;th&gt;Download&lt;/th&gt;&lt;th&gt;Error&lt;/th&gt;&lt;/tr&gt;&lt;tr&gt;&lt;td&gt;Chrome&lt;/td&gt;&lt;td&gt;False&lt;/td&gt;&lt;td&gt;Message: session not created: This version of ChromeDriver only supports Chrome version 91
Current browser version is 106.0.5249.119 with binary path C:\Program Files\Google\Chrome\Application\chrome.exe
Stacktrace:
Backtrace:
	Ordinal0 [0x00483733+2504499]
	Ordinal0 [0x0041C401+2081793]
	Ordinal0 [0x00322628+1058344]
	Ordinal0 [0x0034071A+1181466]
	Ordinal0 [0x0033C58C+1164684]
	Ordinal0 [0x00339DC3+1154499]
	Ordinal0 [0x00369B82+1350530]
	Ordinal0 [0x003697DA+1349594]
	Ordinal0 [0x00365D4B+1334603]
	Ordinal0 [0x003422B4+1188532]
	Ordinal0 [0x00343149+1192265]
	GetHandleVerifier [0x005FFB8C+1512252]
	GetHandleVerifier [0x006AB0DF+2214031]
	GetHandleVerifier [0x00504BC3+484211]
	GetHandleVerifier [0x00503E69+480793]
	Ordinal0 [0x0042218D+2105741]
	Ordinal0 [0x004266E8+2123496]
	Ordinal0 [0x00426827+2123815]
	Ordinal0 [0x0042FB73+2161523]
	BaseThreadInitThunk [0x776FFA29+25]
	RtlGetAppContainerNamedObjectPath [0x77E37BBE+286]
	RtlGetAppContainerNamedObjectPath [0x77E37B8E+238]
&lt;/td&gt;&lt;/tr&gt;&lt;tr&gt;&lt;td&gt;Chrome&lt;/td&gt;&lt;td&gt;True&lt;/td&gt;&lt;td&gt;&lt;/td&gt;&lt;/tr&gt;&lt;/table&gt;&lt;/div&gt;</msg>
<msg timestamp="20221015 18:19:32.598" level="INFO">Opening url 'https://robotsparebinindustries.com/'</msg>
<status status="PASS" starttime="20221015 18:19:23.162" endtime="20221015 18:19:32.951"/>
</kw>
<kw name="Run Keyword And Return Status" library="BuiltIn">
<var>${status}</var>
<arg>Wait Until Page Contains Element</arg>
<arg>${LOGIN.user}</arg>
<doc>Runs the given keyword with given arguments and returns the status as a Boolean value.</doc>
<kw name="Wait Until Page Contains Element" library="RPA.Browser.Selenium">
<arg>${LOGIN.user}</arg>
<doc>Waits until the element ``locator`` appears on the current page.</doc>
<msg timestamp="20221015 18:19:32.954" level="FAIL">Resolving variable '${LOGIN.user}' failed: Variable '${LOGIN}' not found. Did you mean:
    ${LOG_FILE}</msg>
<status status="FAIL" starttime="20221015 18:19:32.952" endtime="20221015 18:19:32.955"/>
</kw>
<msg timestamp="20221015 18:19:32.955" level="INFO">${status} = False</msg>
<status status="PASS" starttime="20221015 18:19:32.952" endtime="20221015 18:19:32.955"/>
</kw>
<return>
<value>${status}</value>
<status status="PASS" starttime="20221015 18:19:32.955" endtime="20221015 18:19:32.955"/>
</return>
<msg timestamp="20221015 18:19:32.956" level="INFO">${status} = False</msg>
<status status="PASS" starttime="20221015 18:19:23.161" endtime="20221015 18:19:32.956"/>
</kw>
<if>
<branch type="IF" condition="${status}">
<kw name="Log" library="BuiltIn">
<arg>Site Abriu com sucesso</arg>
<doc>Logs the given message with the given level.</doc>
<status status="NOT RUN" starttime="20221015 18:19:32.956" endtime="20221015 18:19:32.956"/>
</kw>
<status status="NOT RUN" starttime="20221015 18:19:32.956" endtime="20221015 18:19:32.956"/>
</branch>
<branch type="ELSE">
<kw name="Log" library="BuiltIn">
<arg>Finalizando robô</arg>
<doc>Logs the given message with the given level.</doc>
<msg timestamp="20221015 18:19:32.957" level="INFO">Finalizando robô</msg>
<status status="PASS" starttime="20221015 18:19:32.957" endtime="20221015 18:19:32.958"/>
</kw>
<status status="PASS" starttime="20221015 18:19:32.956" endtime="20221015 18:19:32.958"/>
</branch>
<status status="PASS" starttime="20221015 18:19:32.956" endtime="20221015 18:19:32.958"/>
</if>
<status status="PASS" starttime="20221015 18:19:23.158" endtime="20221015 18:19:32.958"/>
</kw>
<test id="s1-t1" name="Login No Site" line="15">
<kw name="Faz Login no Site" library="keywords">
<doc>Realiza Login no Suite</doc>
<kw name="Input Text" library="RPA.Browser.Selenium">
<arg>${LOGIN.user}</arg>
<arg>%{USER}</arg>
<doc>Types the given ``text`` into the text field identified by ``locator``.</doc>
<msg timestamp="20221015 18:19:32.961" level="FAIL">Resolving variable '${LOGIN.user}' failed: Variable '${LOGIN}' not found. Did you mean:
    ${LOG_FILE}</msg>
<status status="FAIL" starttime="20221015 18:19:32.960" endtime="20221015 18:19:32.963"/>
</kw>
<kw name="Input Text" library="RPA.Browser.Selenium">
<arg>${LOGIN.pwd}</arg>
<arg>%{PWD}</arg>
<doc>Types the given ``text`` into the text field identified by ``locator``.</doc>
<status status="NOT RUN" starttime="20221015 18:19:32.963" endtime="20221015 18:19:32.963"/>
</kw>
<kw name="Click Button" library="RPA.Browser.Selenium">
<arg>${LOGIN.login}</arg>
<doc>Clicks the button identified by ``locator``.</doc>
<status status="NOT RUN" starttime="20221015 18:19:32.963" endtime="20221015 18:19:32.963"/>
</kw>
<kw name="Wait Until Page Contains Element" library="RPA.Browser.Selenium">
<arg>${FORM.first_name}</arg>
<doc>Waits until the element ``locator`` appears on the current page.</doc>
<status status="NOT RUN" starttime="20221015 18:19:32.963" endtime="20221015 18:19:32.963"/>
</kw>
<kw name="Screenshot" library="RPA.Browser.Selenium">
<arg>filename=screenshot01.png</arg>
<doc>Capture page and/or element screenshot.</doc>
<status status="NOT RUN" starttime="20221015 18:19:32.964" endtime="20221015 18:19:32.964"/>
</kw>
<status status="FAIL" starttime="20221015 18:19:32.959" endtime="20221015 18:19:32.964"/>
</kw>
<status status="FAIL" starttime="20221015 18:19:32.959" endtime="20221015 18:19:32.965">Resolving variable '${LOGIN.user}' failed: Variable '${LOGIN}' not found. Did you mean:
    ${LOG_FILE}</status>
</test>
<kw name="Finaliza Processo" library="setup_and_teardown" type="TEARDOWN">
<doc>Função que é executada no fim do robô</doc>
<kw name="Close All Browsers" library="RPA.Browser.Selenium">
<doc>Closes all open browsers and resets the browser cache.</doc>
<status status="PASS" starttime="20221015 18:19:32.968" endtime="20221015 18:19:35.066"/>
</kw>
<status status="PASS" starttime="20221015 18:19:32.967" endtime="20221015 18:19:35.066"/>
</kw>
<doc>Template robot main suite.</doc>
<status status="FAIL" starttime="20221015 18:19:22.278" endtime="20221015 18:19:35.067"/>
</suite>
<statistics>
<total>
<stat pass="0" fail="1" skip="0">All Tasks</stat>
</total>
<tag>
</tag>
<suite>
<stat pass="0" fail="1" skip="0" id="s1" name="Tasks">Tasks</stat>
</suite>
</statistics>
<errors>
</errors>
</robot>
